Determining if the pthread_create exist failed with the following output:
Change Dir: /home/banban/workspace/jiangxinyu_ws/SFND_Lidar_Obstacle_Detection/build/CMakeFiles/CMakeTmp

Run Build Command:"/usr/bin/make" "cmTC_1493b/fast"
/usr/bin/make -f CMakeFiles/cmTC_1493b.dir/build.make CMakeFiles/cmTC_1493b.dir/build
make[1]: 进入目录“/home/banban/workspace/jiangxinyu_ws/SFND_Lidar_Obstacle_Detection/build/CMakeFiles/CMakeTmp”
Building C object CMakeFiles/cmTC_1493b.dir/CheckSymbolExists.c.o
/usr/bin/gcc-7    -o CMakeFiles/cmTC_1493b.dir/CheckSymbolExists.c.o   -c /home/banban/workspace/jiangxinyu_ws/SFND_Lidar_Obstacle_Detection/build/CMakeFiles/CMakeTmp/CheckSymbolExists.c
Linking C executable cmTC_1493b
/usr/bin/cmake -E cmake_link_script CMakeFiles/cmTC_1493b.dir/link.txt --verbose=1
/usr/bin/gcc-7      -rdynamic CMakeFiles/cmTC_1493b.dir/CheckSymbolExists.c.o  -o cmTC_1493b 
CMakeFiles/cmTC_1493b.dir/CheckSymbolExists.c.o：在函数‘main’中：
CheckSymbolExists.c:(.text+0x1b)：对‘pthread_create’未定义的引用
collect2: error: ld returned 1 exit status
CMakeFiles/cmTC_1493b.dir/build.make:97: recipe for target 'cmTC_1493b' failed
make[1]: *** [cmTC_1493b] Error 1
make[1]: 离开目录“/home/banban/workspace/jiangxinyu_ws/SFND_Lidar_Obstacle_Detection/build/CMakeFiles/CMakeTmp”
Makefile:126: recipe for target 'cmTC_1493b/fast' failed
make: *** [cmTC_1493b/fast] Error 2

File /home/banban/workspace/jiangxinyu_ws/SFND_Lidar_Obstacle_Detection/build/CMakeFiles/CMakeTmp/CheckSymbolExists.c:
/* */
#include <pthread.h>

int main(int argc, char** argv)
{
  (void)argv;
#ifndef pthread_create
  return ((int*)(&pthread_create))[argc];
#else
  (void)argc;
  return 0;
#endif
}

Determining if the function pthread_create exists in the pthreads failed with the following output:
Change Dir: /home/banban/workspace/jiangxinyu_ws/SFND_Lidar_Obstacle_Detection/build/CMakeFiles/CMakeTmp

Run Build Command:"/usr/bin/make" "cmTC_c756a/fast"
/usr/bin/make -f CMakeFiles/cmTC_c756a.dir/build.make CMakeFiles/cmTC_c756a.dir/build
make[1]: 进入目录“/home/banban/workspace/jiangxinyu_ws/SFND_Lidar_Obstacle_Detection/build/CMakeFiles/CMakeTmp”
Building C object CMakeFiles/cmTC_c756a.dir/CheckFunctionExists.c.o
/usr/bin/gcc-7   -DCHECK_FUNCTION_EXISTS=pthread_create   -o CMakeFiles/cmTC_c756a.dir/CheckFunctionExists.c.o   -c /usr/share/cmake-3.10/Modules/CheckFunctionExists.c
Linking C executable cmTC_c756a
/usr/bin/cmake -E cmake_link_script CMakeFiles/cmTC_c756a.dir/link.txt --verbose=1
/usr/bin/gcc-7  -DCHECK_FUNCTION_EXISTS=pthread_create    -rdynamic CMakeFiles/cmTC_c756a.dir/CheckFunctionExists.c.o  -o cmTC_c756a -lpthreads 
/usr/bin/ld: 找不到 -lpthreads
collect2: error: ld returned 1 exit status
CMakeFiles/cmTC_c756a.dir/build.make:97: recipe for target 'cmTC_c756a' failed
make[1]: *** [cmTC_c756a] Error 1
make[1]: 离开目录“/home/banban/workspace/jiangxinyu_ws/SFND_Lidar_Obstacle_Detection/build/CMakeFiles/CMakeTmp”
Makefile:126: recipe for target 'cmTC_c756a/fast' failed
make: *** [cmTC_c756a/fast] Error 2


